Using pre-set license
Built from '2020.3/staging' branch; Version is '2020.3.17f1 (a4537701e4ab) revision 10769271'; Using compiler version '192528614'; Build Type 'Release'
OS: 'Windows 10 Pro; OS build 19043.1348; Version 2009; 64bit' Language: 'ko' Physical Memory: 65364 MB
BatchMode: 1, IsHumanControllingUs: 0, StartBugReporterOnCrash: 0, Is64bit: 1, IsPro: 0

COMMAND LINE ARGUMENTS:
C:\Users\Administer\Documents\Unity Projects\2020.3.17f1\Editor\Unity.exe
-adb2
-batchMode
-noUpm
-name
AssetImportWorker0
-projectPath
D:/Unity/Assignment
-logFile
Logs/AssetImportWorker0.log
-srvPort
49912
Successfully changed project path to: D:/Unity/Assignment
D:/Unity/Assignment
Using Asset Import Pipeline V2.
Refreshing native plugins compatible for Editor in 27.20 ms, found 2 plugins.
Preloading 0 native plugins for Editor in 0.00 ms.
Initialize engine version: 2020.3.17f1 (a4537701e4ab)
[Subsystems] Discovering subsystems at path C:/Users/Administer/Documents/Unity Projects/2020.3.17f1/Editor/Data/Resources/UnitySubsystems
[Subsystems] Discovering subsystems at path D:/Unity/Assignment/Assets
GfxDevice: creating device client; threaded=0
Direct3D:
    Version:  Direct3D 11.0 [level 11.1]
    Renderer: NVIDIA Quadro RTX 5000 (ID=0x1eb0)
    Vendor:   
    VRAM:     16170 MB
    Driver:   30.0.14.7168
Initialize mono
Mono path[0] = 'C:/Users/Administer/Documents/Unity Projects/2020.3.17f1/Editor/Data/Managed'
Mono path[1] = 'C:/Users/Administer/Documents/Unity Projects/2020.3.17f1/Editor/Data/MonoBleedingEdge/lib/mono/unityjit'
Mono config path = 'C:/Users/Administer/Documents/Unity Projects/2020.3.17f1/Editor/Data/MonoBleedingEdge/etc'
Using monoOptions --debugger-agent=transport=dt_socket,embedding=1,server=y,suspend=n,address=127.0.0.1:56136
Begin MonoManager ReloadAssembly
Registering precompiled unity dll's ...
Register platform support module: C:/Users/Administer/Documents/Unity Projects/2020.3.17f1/Editor/Data/PlaybackEngines/WebGLSupport/UnityEditor.WebGL.Extensions.dll
Register platform support module: C:/Users/Administer/Documents/Unity Projects/2020.3.17f1/Editor/Data/PlaybackEngines/WindowsStandaloneSupport/UnityEditor.WindowsStandalone.Extensions.dll
Registered in 0.002454 seconds.
Native extension for WindowsStandalone target not found
Native extension for WebGL target not found
Refreshing native plugins compatible for Editor in 24.33 ms, found 2 plugins.
Preloading 0 native plugins for Editor in 0.00 ms.
Mono: successfully reloaded assembly
- Completed reload, in  1.547 seconds
Domain Reload Profiling:
	ReloadAssembly (1547ms)
		BeginReloadAssembly (45ms)
			ExecutionOrderSort (0ms)
			DisableScriptedObjects (0ms)
			BackupInstance (0ms)
			ReleaseScriptingObjects (0ms)
			CreateAndSetChildDomain (1ms)
		EndReloadAssembly (311ms)
			LoadAssemblies (43ms)
			RebuildTransferFunctionScriptingTraits (0ms)
			SetupTypeCache (111ms)
			ReleaseScriptCaches (0ms)
			RebuildScriptCaches (24ms)
			SetupLoadedEditorAssemblies (115ms)
				LogAssemblyErrors (0ms)
				InitializePlatformSupportModulesInManaged (3ms)
				SetLoadedEditorAssemblies (0ms)
				RefreshPlugins (24ms)
				BeforeProcessingInitializeOnLoad (12ms)
				ProcessInitializeOnLoadAttributes (55ms)
				ProcessInitializeOnLoadMethodAttributes (19ms)
				AfterProcessingInitializeOnLoad (0ms)
				EditorAssembliesLoaded (0ms)
			ExecutionOrderSort2 (0ms)
			AwakeInstancesAfterBackupRestoration (0ms)
Platform modules already initialized, skipping
Registering precompiled user dll's ...
Registered in 0.003266 seconds.
Begin MonoManager ReloadAssembly
Native extension for WindowsStandalone target not found
Native extension for WebGL target not found
Refreshing native plugins compatible for Editor in 0.32 ms, found 2 plugins.
Preloading 0 native plugins for Editor in 0.00 ms.
Mono: successfully reloaded assembly
- Completed reload, in  0.874 seconds
Domain Reload Profiling:
	ReloadAssembly (875ms)
		BeginReloadAssembly (112ms)
			ExecutionOrderSort (0ms)
			DisableScriptedObjects (3ms)
			BackupInstance (0ms)
			ReleaseScriptingObjects (0ms)
			CreateAndSetChildDomain (14ms)
		EndReloadAssembly (714ms)
			LoadAssemblies (70ms)
			RebuildTransferFunctionScriptingTraits (0ms)
			SetupTypeCache (207ms)
			ReleaseScriptCaches (0ms)
			RebuildScriptCaches (33ms)
			SetupLoadedEditorAssemblies (331ms)
				LogAssemblyErrors (0ms)
				InitializePlatformSupportModulesInManaged (5ms)
				SetLoadedEditorAssemblies (0ms)
				RefreshPlugins (0ms)
				BeforeProcessingInitializeOnLoad (69ms)
				ProcessInitializeOnLoadAttributes (247ms)
				ProcessInitializeOnLoadMethodAttributes (3ms)
				AfterProcessingInitializeOnLoad (6ms)
				EditorAssembliesLoaded (0ms)
			ExecutionOrderSort2 (0ms)
			AwakeInstancesAfterBackupRestoration (5ms)
Platform modules already initialized, skipping
========================================================================
Worker process is ready to serve import requests
Launched and connected shader compiler UnityShaderCompiler.exe after 0.05 seconds
Refreshing native plugins compatible for Editor in 0.32 ms, found 2 plugins.
Preloading 0 native plugins for Editor in 0.00 ms.
Unloading 1747 Unused Serialized files (Serialized files now loaded: 0)
System memory in use before: 76.6 MB.
System memory in use after: 76.6 MB.

Unloading 20 unused Assets to reduce memory usage. Loaded Objects now: 2181.
Total: 2.395400 ms (FindLiveObjects: 0.136200 ms CreateObjectMapping: 0.047300 ms MarkObjects: 2.161900 ms  DeleteObjects: 0.049200 ms)

AssetImportParameters requested are different than current active one (requested -> active):
  custom:framework-win-MediaFoundation: 216162199b28c13a410421893ffa2e32 -> 
  custom:video-decoder-ogg-theora: a1e56fd34408186e4bbccfd4996cb3dc -> 
  custom:container-muxer-webm: aa71ff27fc2769a1b78a27578f13a17b -> 
  custom:container-demuxer-webm: 4f35f7cbe854078d1ac9338744f61a02 -> 
  custom:container-demuxer-ogg: 62fdf1f143b41e24485cea50d1cbac27 -> 
  custom:video-encoder-webm-vp8: eb34c28f22e8b96e1ab97ce403110664 -> 
  custom:video-decoder-webm-vp8: 9c59270c3fd7afecdb556c50c9e8de78 -> 
  custom:audio-decoder-ogg-vorbis: bf7c407c2cedff20999df2af8eb42d56 -> 
  custom:audio-encoder-webm-vorbis: bf7c407c2cedff20999df2af8eb42d56 -> 
========================================================================
Received Import Request.
  path: Assets/Scripts
  artifactKey: Guid(d8872b82cba131948a6283b12d197023) Importer(815301076,1909f56bfc062723c751e8b465ee728b)
Start importing Assets/Scripts using Guid(d8872b82cba131948a6283b12d197023) Importer(815301076,1909f56bfc062723c751e8b465ee728b)  -> (artifact id: '3afe7e4f354c1d6b54f260986d87e847') in 0.008265 seconds 
  Import took 0.010154 seconds .

========================================================================
Received Import Request.
  Time since last request: 0.000260 seconds.
  path: Assets/ImageTracking.cs
  artifactKey: Guid(536a37a5d5799d545b18e59f655b4357) Importer(815301076,1909f56bfc062723c751e8b465ee728b)
Start importing Assets/ImageTracking.cs using Guid(536a37a5d5799d545b18e59f655b4357) Importer(815301076,1909f56bfc062723c751e8b465ee728b)  -> (artifact id: 'cbcfdc79b812988127a959e24754f573') in 0.025726 seconds 
  Import took 0.027834 seconds .

========================================================================
Received Import Request.
  Time since last request: 0.000227 seconds.
  path: Assets/DropDownManager.cs
  artifactKey: Guid(28feed0fdc0c21744b3ea4b529940461) Importer(815301076,1909f56bfc062723c751e8b465ee728b)
Start importing Assets/DropDownManager.cs using Guid(28feed0fdc0c21744b3ea4b529940461) Importer(815301076,1909f56bfc062723c751e8b465ee728b)  -> (artifact id: '2a3d8aab923b1284048fd5725e6328dd') in 0.004779 seconds 
  Import took 0.006694 seconds .

========================================================================
Received Prepare
Registering precompiled user dll's ...
Registered in 0.002842 seconds.
Begin MonoManager ReloadAssembly
Native extension for WindowsStandalone target not found
Native extension for WebGL target not found
Refreshing native plugins compatible for Editor in 0.33 ms, found 2 plugins.
Preloading 0 native plugins for Editor in 0.00 ms.
Mono: successfully reloaded assembly
- Completed reload, in  0.793 seconds
Domain Reload Profiling:
	ReloadAssembly (793ms)
		BeginReloadAssembly (89ms)
			ExecutionOrderSort (0ms)
			DisableScriptedObjects (3ms)
			BackupInstance (0ms)
			ReleaseScriptingObjects (0ms)
			CreateAndSetChildDomain (24ms)
		EndReloadAssembly (655ms)
			LoadAssemblies (72ms)
			RebuildTransferFunctionScriptingTraits (0ms)
			SetupTypeCache (203ms)
			ReleaseScriptCaches (1ms)
			RebuildScriptCaches (28ms)
			SetupLoadedEditorAssemblies (279ms)
				LogAssemblyErrors (0ms)
				InitializePlatformSupportModulesInManaged (4ms)
				SetLoadedEditorAssemblies (0ms)
				RefreshPlugins (0ms)
				BeforeProcessingInitializeOnLoad (59ms)
				ProcessInitializeOnLoadAttributes (206ms)
				ProcessInitializeOnLoadMethodAttributes (3ms)
				AfterProcessingInitializeOnLoad (6ms)
				EditorAssembliesLoaded (0ms)
			ExecutionOrderSort2 (0ms)
			AwakeInstancesAfterBackupRestoration (5ms)
Platform modules already initialized, skipping
Switching build target platform(19) subTarget(0) extendedPlatform(0) -> platform(13) subTarget(524288) extendedPlatform(0)
Refreshing native plugins compatible for Editor in 0.34 ms, found 2 plugins.
Preloading 0 native plugins for Editor in 0.00 ms.
Unloading 1740 Unused Serialized files (Serialized files now loaded: 0)
System memory in use before: 76.2 MB.
System memory in use after: 76.3 MB.

Unloading 15 unused Assets to reduce memory usage. Loaded Objects now: 2184.
Total: 2.543100 ms (FindLiveObjects: 0.150700 ms CreateObjectMapping: 0.047700 ms MarkObjects: 2.321400 ms  DeleteObjects: 0.022800 ms)

AssetImportParameters requested are different than current active one (requested -> active):
  custom:framework-win-MediaFoundation: 216162199b28c13a410421893ffa2e32 -> 
  custom:video-decoder-ogg-theora: a1e56fd34408186e4bbccfd4996cb3dc -> 
  custom:container-muxer-webm: aa71ff27fc2769a1b78a27578f13a17b -> 
  custom:container-demuxer-webm: 4f35f7cbe854078d1ac9338744f61a02 -> 
  custom:container-demuxer-ogg: 62fdf1f143b41e24485cea50d1cbac27 -> 
  custom:video-encoder-webm-vp8: eb34c28f22e8b96e1ab97ce403110664 -> 
  custom:video-decoder-webm-vp8: 9c59270c3fd7afecdb556c50c9e8de78 -> 
  custom:graphics/normal-map-encoding: 01000000000000000000000000000000 -> 02000000000000000000000000000000
  custom:audio-decoder-ogg-vorbis: bf7c407c2cedff20999df2af8eb42d56 -> 
  custom:audio-encoder-webm-vorbis: bf7c407c2cedff20999df2af8eb42d56 -> 
========================================================================
Received Import Request.
  Time since last request: 46.452870 seconds.
  path: Assets/Scenes/ImageTracking.unity
  artifactKey: Guid(4120df1637b540b429c50651846a6f8f) Importer(815301076,1909f56bfc062723c751e8b465ee728b)
Start importing Assets/Scenes/ImageTracking.unity using Guid(4120df1637b540b429c50651846a6f8f) Importer(815301076,1909f56bfc062723c751e8b465ee728b)  -> (artifact id: '8a3abfb04c44a82689ce2f1693b6793d') in 0.016468 seconds 
  Import took 0.018814 seconds .

========================================================================
Received Prepare
Registering precompiled user dll's ...
Registered in 0.003501 seconds.
Begin MonoManager ReloadAssembly
Native extension for WindowsStandalone target not found
Native extension for WebGL target not found
Refreshing native plugins compatible for Editor in 0.33 ms, found 2 plugins.
Preloading 0 native plugins for Editor in 0.00 ms.
Mono: successfully reloaded assembly
- Completed reload, in  0.819 seconds
Domain Reload Profiling:
	ReloadAssembly (819ms)
		BeginReloadAssembly (110ms)
			ExecutionOrderSort (0ms)
			DisableScriptedObjects (3ms)
			BackupInstance (0ms)
			ReleaseScriptingObjects (0ms)
			CreateAndSetChildDomain (24ms)
		EndReloadAssembly (661ms)
			LoadAssemblies (71ms)
			RebuildTransferFunctionScriptingTraits (0ms)
			SetupTypeCache (201ms)
			ReleaseScriptCaches (1ms)
			RebuildScriptCaches (28ms)
			SetupLoadedEditorAssemblies (279ms)
				LogAssemblyErrors (0ms)
				InitializePlatformSupportModulesInManaged (4ms)
				SetLoadedEditorAssemblies (0ms)
				RefreshPlugins (0ms)
				BeforeProcessingInitializeOnLoad (60ms)
				ProcessInitializeOnLoadAttributes (205ms)
				ProcessInitializeOnLoadMethodAttributes (2ms)
				AfterProcessingInitializeOnLoad (6ms)
				EditorAssembliesLoaded (0ms)
			ExecutionOrderSort2 (0ms)
			AwakeInstancesAfterBackupRestoration (5ms)
Platform modules already initialized, skipping
Switching build target platform(19) subTarget(0) extendedPlatform(0) -> platform(13) subTarget(524288) extendedPlatform(0)
Refreshing native plugins compatible for Editor in 0.33 ms, found 2 plugins.
Preloading 0 native plugins for Editor in 0.00 ms.
Unloading 1740 Unused Serialized files (Serialized files now loaded: 0)
System memory in use before: 76.2 MB.
System memory in use after: 76.3 MB.

Unloading 15 unused Assets to reduce memory usage. Loaded Objects now: 2187.
Total: 2.457400 ms (FindLiveObjects: 0.149100 ms CreateObjectMapping: 0.056500 ms MarkObjects: 2.218100 ms  DeleteObjects: 0.032700 ms)

AssetImportParameters requested are different than current active one (requested -> active):
  custom:framework-win-MediaFoundation: 216162199b28c13a410421893ffa2e32 -> 
  custom:video-decoder-ogg-theora: a1e56fd34408186e4bbccfd4996cb3dc -> 
  custom:container-muxer-webm: aa71ff27fc2769a1b78a27578f13a17b -> 
  custom:container-demuxer-webm: 4f35f7cbe854078d1ac9338744f61a02 -> 
  custom:container-demuxer-ogg: 62fdf1f143b41e24485cea50d1cbac27 -> 
  custom:video-encoder-webm-vp8: eb34c28f22e8b96e1ab97ce403110664 -> 
  custom:video-decoder-webm-vp8: 9c59270c3fd7afecdb556c50c9e8de78 -> 
  custom:graphics/normal-map-encoding: 01000000000000000000000000000000 -> 02000000000000000000000000000000
  custom:audio-decoder-ogg-vorbis: bf7c407c2cedff20999df2af8eb42d56 -> 
  custom:audio-encoder-webm-vorbis: bf7c407c2cedff20999df2af8eb42d56 -> 
========================================================================
Received Import Request.
  Time since last request: 103.562475 seconds.
  path: Assets/Scenes/FaceTracking.unity
  artifactKey: Guid(9fc0d4010bbf28b4594072e72b8655ab) Importer(815301076,1909f56bfc062723c751e8b465ee728b)
Start importing Assets/Scenes/FaceTracking.unity using Guid(9fc0d4010bbf28b4594072e72b8655ab) Importer(815301076,1909f56bfc062723c751e8b465ee728b)  -> (artifact id: '86a2fa89537ad35211f81b351879287a') in 0.012357 seconds 
  Import took 0.014634 seconds .

========================================================================
Received Prepare
Registering precompiled user dll's ...
Registered in 0.003032 seconds.
Begin MonoManager ReloadAssembly
Native extension for WindowsStandalone target not found
Native extension for WebGL target not found
Refreshing native plugins compatible for Editor in 0.34 ms, found 2 plugins.
Preloading 0 native plugins for Editor in 0.00 ms.
Mono: successfully reloaded assembly
- Completed reload, in  0.858 seconds
Domain Reload Profiling:
	ReloadAssembly (858ms)
		BeginReloadAssembly (96ms)
			ExecutionOrderSort (0ms)
			DisableScriptedObjects (4ms)
			BackupInstance (0ms)
			ReleaseScriptingObjects (0ms)
			CreateAndSetChildDomain (28ms)
		EndReloadAssembly (710ms)
			LoadAssemblies (77ms)
			RebuildTransferFunctionScriptingTraits (0ms)
			SetupTypeCache (218ms)
			ReleaseScriptCaches (1ms)
			RebuildScriptCaches (28ms)
			SetupLoadedEditorAssemblies (291ms)
				LogAssemblyErrors (0ms)
				InitializePlatformSupportModulesInManaged (5ms)
				SetLoadedEditorAssemblies (0ms)
				RefreshPlugins (0ms)
				BeforeProcessingInitializeOnLoad (62ms)
				ProcessInitializeOnLoadAttributes (214ms)
				ProcessInitializeOnLoadMethodAttributes (3ms)
				AfterProcessingInitializeOnLoad (6ms)
				EditorAssembliesLoaded (0ms)
			ExecutionOrderSort2 (0ms)
			AwakeInstancesAfterBackupRestoration (6ms)
Platform modules already initialized, skipping
Switching build target platform(19) subTarget(0) extendedPlatform(0) -> platform(13) subTarget(524288) extendedPlatform(0)
Refreshing native plugins compatible for Editor in 0.55 ms, found 2 plugins.
Preloading 0 native plugins for Editor in 0.00 ms.
Unloading 1740 Unused Serialized files (Serialized files now loaded: 0)
System memory in use before: 76.3 MB.
System memory in use after: 76.4 MB.

Unloading 15 unused Assets to reduce memory usage. Loaded Objects now: 2190.
Total: 2.489200 ms (FindLiveObjects: 0.197300 ms CreateObjectMapping: 0.069600 ms MarkObjects: 2.191200 ms  DeleteObjects: 0.030200 ms)

AssetImportParameters requested are different than current active one (requested -> active):
  custom:framework-win-MediaFoundation: 216162199b28c13a410421893ffa2e32 -> 
  custom:video-decoder-ogg-theora: a1e56fd34408186e4bbccfd4996cb3dc -> 
  custom:container-muxer-webm: aa71ff27fc2769a1b78a27578f13a17b -> 
  custom:container-demuxer-webm: 4f35f7cbe854078d1ac9338744f61a02 -> 
  custom:container-demuxer-ogg: 62fdf1f143b41e24485cea50d1cbac27 -> 
  custom:video-encoder-webm-vp8: eb34c28f22e8b96e1ab97ce403110664 -> 
  custom:video-decoder-webm-vp8: 9c59270c3fd7afecdb556c50c9e8de78 -> 
  custom:graphics/normal-map-encoding: 01000000000000000000000000000000 -> 02000000000000000000000000000000
  custom:audio-decoder-ogg-vorbis: bf7c407c2cedff20999df2af8eb42d56 -> 
  custom:audio-encoder-webm-vorbis: bf7c407c2cedff20999df2af8eb42d56 -> 
========================================================================
Received Prepare
Registering precompiled user dll's ...
Registered in 0.002952 seconds.
Begin MonoManager ReloadAssembly
Native extension for WindowsStandalone target not found
Native extension for WebGL target not found
Refreshing native plugins compatible for Editor in 0.34 ms, found 2 plugins.
Preloading 0 native plugins for Editor in 0.00 ms.
Mono: successfully reloaded assembly
- Completed reload, in  0.849 seconds
Domain Reload Profiling:
	ReloadAssembly (849ms)
		BeginReloadAssembly (97ms)
			ExecutionOrderSort (0ms)
			DisableScriptedObjects (3ms)
			BackupInstance (0ms)
			ReleaseScriptingObjects (0ms)
			CreateAndSetChildDomain (24ms)
		EndReloadAssembly (682ms)
			LoadAssemblies (75ms)
			RebuildTransferFunctionScriptingTraits (0ms)
			SetupTypeCache (209ms)
			ReleaseScriptCaches (1ms)
			RebuildScriptCaches (28ms)
			SetupLoadedEditorAssemblies (275ms)
				LogAssemblyErrors (0ms)
				InitializePlatformSupportModulesInManaged (5ms)
				SetLoadedEditorAssemblies (0ms)
				RefreshPlugins (0ms)
				BeforeProcessingInitializeOnLoad (62ms)
				ProcessInitializeOnLoadAttributes (200ms)
				ProcessInitializeOnLoadMethodAttributes (3ms)
				AfterProcessingInitializeOnLoad (6ms)
				EditorAssembliesLoaded (0ms)
			ExecutionOrderSort2 (0ms)
			AwakeInstancesAfterBackupRestoration (5ms)
Platform modules already initialized, skipping
Switching build target platform(19) subTarget(0) extendedPlatform(0) -> platform(13) subTarget(524288) extendedPlatform(0)
Refreshing native plugins compatible for Editor in 0.26 ms, found 2 plugins.
Preloading 0 native plugins for Editor in 0.00 ms.
Unloading 1685 Unused Serialized files (Serialized files now loaded: 0)
System memory in use before: 74.9 MB.
System memory in use after: 75.0 MB.

Unloading 55 unused Assets to reduce memory usage. Loaded Objects now: 2152.
Total: 2.145500 ms (FindLiveObjects: 0.133900 ms CreateObjectMapping: 0.049600 ms MarkObjects: 1.939900 ms  DeleteObjects: 0.021500 ms)

AssetImportParameters requested are different than current active one (requested -> active):
  custom:framework-win-MediaFoundation: 216162199b28c13a410421893ffa2e32 -> 
  custom:video-decoder-ogg-theora: a1e56fd34408186e4bbccfd4996cb3dc -> 
  custom:container-muxer-webm: aa71ff27fc2769a1b78a27578f13a17b -> 
  custom:container-demuxer-webm: 4f35f7cbe854078d1ac9338744f61a02 -> 
  custom:container-demuxer-ogg: 62fdf1f143b41e24485cea50d1cbac27 -> 
  custom:video-encoder-webm-vp8: eb34c28f22e8b96e1ab97ce403110664 -> 
  custom:video-decoder-webm-vp8: 9c59270c3fd7afecdb556c50c9e8de78 -> 
  custom:graphics/normal-map-encoding: 01000000000000000000000000000000 -> 02000000000000000000000000000000
  custom:audio-decoder-ogg-vorbis: bf7c407c2cedff20999df2af8eb42d56 -> 
  custom:audio-encoder-webm-vorbis: bf7c407c2cedff20999df2af8eb42d56 -> 
========================================================================
Received Prepare
Registering precompiled user dll's ...
Registered in 0.003004 seconds.
Begin MonoManager ReloadAssembly
Native extension for WindowsStandalone target not found
Native extension for WebGL target not found
Refreshing native plugins compatible for Editor in 0.33 ms, found 2 plugins.
Preloading 0 native plugins for Editor in 0.00 ms.
Mono: successfully reloaded assembly
- Completed reload, in  0.835 seconds
Domain Reload Profiling:
	ReloadAssembly (835ms)
		BeginReloadAssembly (91ms)
			ExecutionOrderSort (0ms)
			DisableScriptedObjects (3ms)
			BackupInstance (0ms)
			ReleaseScriptingObjects (0ms)
			CreateAndSetChildDomain (27ms)
		EndReloadAssembly (697ms)
			LoadAssemblies (70ms)
			RebuildTransferFunctionScriptingTraits (0ms)
			SetupTypeCache (204ms)
			ReleaseScriptCaches (1ms)
			RebuildScriptCaches (28ms)
			SetupLoadedEditorAssemblies (291ms)
				LogAssemblyErrors (0ms)
				InitializePlatformSupportModulesInManaged (4ms)
				SetLoadedEditorAssemblies (0ms)
				RefreshPlugins (0ms)
				BeforeProcessingInitializeOnLoad (61ms)
				ProcessInitializeOnLoadAttributes (216ms)
				ProcessInitializeOnLoadMethodAttributes (3ms)
				AfterProcessingInitializeOnLoad (6ms)
				EditorAssembliesLoaded (0ms)
			ExecutionOrderSort2 (0ms)
			AwakeInstancesAfterBackupRestoration (5ms)
Platform modules already initialized, skipping
Switching build target platform(19) subTarget(0) extendedPlatform(0) -> platform(13) subTarget(524288) extendedPlatform(0)
Refreshing native plugins compatible for Editor in 0.31 ms, found 2 plugins.
Preloading 0 native plugins for Editor in 0.00 ms.
Unloading 1740 Unused Serialized files (Serialized files now loaded: 0)
System memory in use before: 76.3 MB.
System memory in use after: 76.4 MB.

Unloading 15 unused Assets to reduce memory usage. Loaded Objects now: 2196.
Total: 2.284500 ms (FindLiveObjects: 0.135000 ms CreateObjectMapping: 0.048500 ms MarkObjects: 2.080000 ms  DeleteObjects: 0.020400 ms)

AssetImportParameters requested are different than current active one (requested -> active):
  custom:framework-win-MediaFoundation: 216162199b28c13a410421893ffa2e32 -> 
  custom:video-decoder-ogg-theora: a1e56fd34408186e4bbccfd4996cb3dc -> 
  custom:container-muxer-webm: aa71ff27fc2769a1b78a27578f13a17b -> 
  custom:container-demuxer-webm: 4f35f7cbe854078d1ac9338744f61a02 -> 
  custom:container-demuxer-ogg: 62fdf1f143b41e24485cea50d1cbac27 -> 
  custom:video-encoder-webm-vp8: eb34c28f22e8b96e1ab97ce403110664 -> 
  custom:video-decoder-webm-vp8: 9c59270c3fd7afecdb556c50c9e8de78 -> 
  custom:graphics/normal-map-encoding: 01000000000000000000000000000000 -> 02000000000000000000000000000000
  custom:audio-decoder-ogg-vorbis: bf7c407c2cedff20999df2af8eb42d56 -> 
  custom:audio-encoder-webm-vorbis: bf7c407c2cedff20999df2af8eb42d56 -> 
========================================================================
Received Import Request.
  Time since last request: 442.648082 seconds.
  path: Assets/ImageTracking/FlagResources/Australia.prefab
  artifactKey: Guid(b8a5662fccc00f843a737962c37c5a3e) Importer(815301076,1909f56bfc062723c751e8b465ee728b)
Start importing Assets/ImageTracking/FlagResources/Australia.prefab using Guid(b8a5662fccc00f843a737962c37c5a3e) Importer(815301076,1909f56bfc062723c751e8b465ee728b)  -> (artifact id: 'd627dfb0e8256d90b66133c68d7ff9ba') in 0.110314 seconds 
  Import took 0.113143 seconds .

========================================================================
Received Import Request.
  Time since last request: 0.000147 seconds.
  path: Assets/ImageTracking/FlagResources/FlagKorea.prefab
  artifactKey: Guid(ae04ddb4b34db0b48a6f5956a775bb59) Importer(815301076,1909f56bfc062723c751e8b465ee728b)
Start importing Assets/ImageTracking/FlagResources/FlagKorea.prefab using Guid(ae04ddb4b34db0b48a6f5956a775bb59) Importer(815301076,1909f56bfc062723c751e8b465ee728b)  -> (artifact id: 'b9b9c1285aa9019f39b17784d9755267') in 0.019031 seconds 
  Import took 0.048314 seconds .

========================================================================
Received Import Request.
  Time since last request: 0.000210 seconds.
  path: Assets/ImageTracking/FlagResources/Australia.prefab
  artifactKey: Guid(b8a5662fccc00f843a737962c37c5a3e) Importer(815301076,1909f56bfc062723c751e8b465ee728b)
Start importing Assets/ImageTracking/FlagResources/Australia.prefab using Guid(b8a5662fccc00f843a737962c37c5a3e) Importer(815301076,1909f56bfc062723c751e8b465ee728b)  -> (artifact id: 'd627dfb0e8256d90b66133c68d7ff9ba') in 0.030899 seconds 
  Import took 0.033511 seconds .

========================================================================
Received Import Request.
  Time since last request: 4.490621 seconds.
  path: Assets/ImageTracking/FlagResources/Australia.prefab
  artifactKey: Guid(b8a5662fccc00f843a737962c37c5a3e) Importer(815301076,1909f56bfc062723c751e8b465ee728b)
Start importing Assets/ImageTracking/FlagResources/Australia.prefab using Guid(b8a5662fccc00f843a737962c37c5a3e) Importer(815301076,1909f56bfc062723c751e8b465ee728b)  -> (artifact id: '5074b60fb6d0e2b6f36c2050313e7494') in 0.028601 seconds 
  Import took 0.031077 seconds .

========================================================================
Received Import Request.
  Time since last request: 0.000325 seconds.
  path: Assets/ImageTracking/FlagResources/Canada.prefab
  artifactKey: Guid(169c3733b4f633c41a2c10d68869d5a8) Importer(815301076,1909f56bfc062723c751e8b465ee728b)
Start importing Assets/ImageTracking/FlagResources/Canada.prefab using Guid(169c3733b4f633c41a2c10d68869d5a8) Importer(815301076,1909f56bfc062723c751e8b465ee728b)  -> (artifact id: 'c6b2af4b53554cf9d77d4d1d1aa5d3f6') in 0.031939 seconds 
  Import took 0.034186 seconds .

========================================================================
Received Import Request.
  Time since last request: 0.000255 seconds.
  path: Assets/ImageTracking/FlagResources/FlagKorea.prefab
  artifactKey: Guid(ae04ddb4b34db0b48a6f5956a775bb59) Importer(815301076,1909f56bfc062723c751e8b465ee728b)
Start importing Assets/ImageTracking/FlagResources/FlagKorea.prefab using Guid(ae04ddb4b34db0b48a6f5956a775bb59) Importer(815301076,1909f56bfc062723c751e8b465ee728b)  -> (artifact id: '5fb9e87e815c87ebc062362f271ae7af') in 0.014705 seconds 
  Import took 0.029081 seconds .

========================================================================
Received Import Request.
  Time since last request: 0.002640 seconds.
  path: Assets/ImageTracking/FlagResources/FlagKorea.prefab
  artifactKey: Guid(ae04ddb4b34db0b48a6f5956a775bb59) Importer(815301076,1909f56bfc062723c751e8b465ee728b)
Start importing Assets/ImageTracking/FlagResources/FlagKorea.prefab using Guid(ae04ddb4b34db0b48a6f5956a775bb59) Importer(815301076,1909f56bfc062723c751e8b465ee728b)  -> (artifact id: '5fb9e87e815c87ebc062362f271ae7af') in 0.018548 seconds 
  Import took 0.020933 seconds .

========================================================================
Received Import Request.
  Time since last request: 3.647402 seconds.
  path: Assets/ImageTracking/FlagResources/Korea.prefab
  artifactKey: Guid(ae04ddb4b34db0b48a6f5956a775bb59) Importer(815301076,1909f56bfc062723c751e8b465ee728b)
Start importing Assets/ImageTracking/FlagResources/Korea.prefab using Guid(ae04ddb4b34db0b48a6f5956a775bb59) Importer(815301076,1909f56bfc062723c751e8b465ee728b)  -> (artifact id: '6cdadec0be8ab174a765cce96b00e295') in 0.018221 seconds 
  Import took 0.020701 seconds .

========================================================================
Received Import Request.
  Time since last request: 4.484129 seconds.
  path: Assets/ImageTracking/FlagResources/Australia.prefab
  artifactKey: Guid(b8a5662fccc00f843a737962c37c5a3e) Importer(815301076,1909f56bfc062723c751e8b465ee728b)
Start importing Assets/ImageTracking/FlagResources/Australia.prefab using Guid(b8a5662fccc00f843a737962c37c5a3e) Importer(815301076,1909f56bfc062723c751e8b465ee728b)  -> (artifact id: 'a5b58a45243e251fa91b5b6e62d4486d') in 0.027932 seconds 
  Import took 0.030510 seconds .

========================================================================
Received Import Request.
  Time since last request: 0.000316 seconds.
  path: Assets/ImageTracking/FlagResources/Canada.prefab
  artifactKey: Guid(169c3733b4f633c41a2c10d68869d5a8) Importer(815301076,1909f56bfc062723c751e8b465ee728b)
Start importing Assets/ImageTracking/FlagResources/Canada.prefab using Guid(169c3733b4f633c41a2c10d68869d5a8) Importer(815301076,1909f56bfc062723c751e8b465ee728b)  -> (artifact id: '7dac946f7ee1fb5998669640d9b2c9c6') in 0.026199 seconds 
  Import took 0.028611 seconds .

========================================================================
Received Import Request.
  Time since last request: 0.000326 seconds.
  path: Assets/ImageTracking/FlagResources/Korea.prefab
  artifactKey: Guid(ae04ddb4b34db0b48a6f5956a775bb59) Importer(815301076,1909f56bfc062723c751e8b465ee728b)
Start importing Assets/ImageTracking/FlagResources/Korea.prefab using Guid(ae04ddb4b34db0b48a6f5956a775bb59) Importer(815301076,1909f56bfc062723c751e8b465ee728b)  -> (artifact id: '58ab4295857147b0b7c3a5576b8638f2') in 0.014932 seconds 
  Import took 0.017570 seconds .

========================================================================
Received Import Request.
  Time since last request: 0.000258 seconds.
  path: Assets/ImageTracking/FlagResources/FlagUk.prefab
  artifactKey: Guid(1e60a4ff9d1907b44b15858a7eb2dd6b) Importer(815301076,1909f56bfc062723c751e8b465ee728b)
Start importing Assets/ImageTracking/FlagResources/FlagUk.prefab using Guid(1e60a4ff9d1907b44b15858a7eb2dd6b) Importer(815301076,1909f56bfc062723c751e8b465ee728b)  -> (artifact id: 'a367a9595489843b9bd15ea22270dd31') in 0.029120 seconds 
  Import took 0.031724 seconds .

========================================================================
Received Import Request.
  Time since last request: 0.000236 seconds.
  path: Assets/ImageTracking/FlagResources/Usa.prefab
  artifactKey: Guid(06799962d20ae2643961aa48d3bc3fb5) Importer(815301076,1909f56bfc062723c751e8b465ee728b)
Start importing Assets/ImageTracking/FlagResources/Usa.prefab using Guid(06799962d20ae2643961aa48d3bc3fb5) Importer(815301076,1909f56bfc062723c751e8b465ee728b)  -> (artifact id: 'd7bb8372b93c51c2e113d44672b5f577') in 0.029010 seconds 
  Import took 0.031375 seconds .

========================================================================
Received Import Request.
  Time since last request: 4.812517 seconds.
  path: Assets/ImageTracking/FlagResources/Australia.prefab
  artifactKey: Guid(b8a5662fccc00f843a737962c37c5a3e) Importer(815301076,1909f56bfc062723c751e8b465ee728b)
Start importing Assets/ImageTracking/FlagResources/Australia.prefab using Guid(b8a5662fccc00f843a737962c37c5a3e) Importer(815301076,1909f56bfc062723c751e8b465ee728b)  -> (artifact id: '66e29978de181b7ad5e00b887a2d6ed5') in 0.026359 seconds 
  Import took 0.028922 seconds .

========================================================================
Received Import Request.
  Time since last request: 0.000266 seconds.
  path: Assets/ImageTracking/FlagResources/Canada.prefab
  artifactKey: Guid(169c3733b4f633c41a2c10d68869d5a8) Importer(815301076,1909f56bfc062723c751e8b465ee728b)
Start importing Assets/ImageTracking/FlagResources/Canada.prefab using Guid(169c3733b4f633c41a2c10d68869d5a8) Importer(815301076,1909f56bfc062723c751e8b465ee728b)  -> (artifact id: '099d02bc0aa27bad030e5e7ea968112c') in 0.027100 seconds 
  Import took 0.034961 seconds .

========================================================================
Received Import Request.
  Time since last request: 0.000251 seconds.
  path: Assets/ImageTracking/FlagResources/Korea.prefab
  artifactKey: Guid(ae04ddb4b34db0b48a6f5956a775bb59) Importer(815301076,1909f56bfc062723c751e8b465ee728b)
Start importing Assets/ImageTracking/FlagResources/Korea.prefab using Guid(ae04ddb4b34db0b48a6f5956a775bb59) Importer(815301076,1909f56bfc062723c751e8b465ee728b)  -> (artifact id: '99cbe79e3f7fbd33eee7c89a362c8738') in 0.013483 seconds 
  Import took 0.015895 seconds .

========================================================================
Received Import Request.
  Time since last request: 0.000253 seconds.
  path: Assets/ImageTracking/FlagResources/Uk.prefab
  artifactKey: Guid(1e60a4ff9d1907b44b15858a7eb2dd6b) Importer(815301076,1909f56bfc062723c751e8b465ee728b)
Start importing Assets/ImageTracking/FlagResources/Uk.prefab using Guid(1e60a4ff9d1907b44b15858a7eb2dd6b) Importer(815301076,1909f56bfc062723c751e8b465ee728b)  -> (artifact id: '5733da9165d3fe001135e7d510dfb373') in 0.026187 seconds 
  Import took 0.028515 seconds .

========================================================================
Received Import Request.
  Time since last request: 138.418265 seconds.
  path: Assets/Resources/FaceImage/Korea.jpg
  artifactKey: Guid(ec80aefbf1e35fe44a8cd8982517a79d) Importer(815301076,1909f56bfc062723c751e8b465ee728b)
Start importing Assets/Resources/FaceImage/Korea.jpg using Guid(ec80aefbf1e35fe44a8cd8982517a79d) Importer(815301076,1909f56bfc062723c751e8b465ee728b)  -> (artifact id: '7a0ae564ab50005cedca0392b6735f7d') in 0.045502 seconds 
  Import took 0.047830 seconds .

========================================================================
Received Import Request.
  Time since last request: 51.424036 seconds.
  path: Assets/ImageTracking/ReferenceImageLibrary.asset
  artifactKey: Guid(e46d7d9f8f3475142ba9f71ed59e3933) Importer(815301076,1909f56bfc062723c751e8b465ee728b)
Start importing Assets/ImageTracking/ReferenceImageLibrary.asset using Guid(e46d7d9f8f3475142ba9f71ed59e3933) Importer(815301076,1909f56bfc062723c751e8b465ee728b)  -> (artifact id: 'be8400174d8835a3067b6526c304df21') in 0.017516 seconds 
  Import took 0.020233 seconds .

========================================================================
Received Prepare
Refreshing native plugins compatible for Editor in 2.54 ms, found 2 plugins.
Preloading 0 native plugins for Editor in 0.00 ms.
Unloading 12 Unused Serialized files (Serialized files now loaded: 0)
System memory in use before: 45.6 MB.
System memory in use after: 45.7 MB.

Unloading 11 unused Assets to reduce memory usage. Loaded Objects now: 2206.
Total: 2.809200 ms (FindLiveObjects: 0.142800 ms CreateObjectMapping: 0.046500 ms MarkObjects: 2.610400 ms  DeleteObjects: 0.008800 ms)

AssetImportParameters requested are different than current active one (requested -> active):
  custom:framework-win-MediaFoundation: 216162199b28c13a410421893ffa2e32 -> 
  custom:video-decoder-ogg-theora: a1e56fd34408186e4bbccfd4996cb3dc -> 
  custom:container-muxer-webm: aa71ff27fc2769a1b78a27578f13a17b -> 
  custom:container-demuxer-webm: 4f35f7cbe854078d1ac9338744f61a02 -> 
  custom:container-demuxer-ogg: 62fdf1f143b41e24485cea50d1cbac27 -> 
  custom:video-encoder-webm-vp8: eb34c28f22e8b96e1ab97ce403110664 -> 
  custom:video-decoder-webm-vp8: 9c59270c3fd7afecdb556c50c9e8de78 -> 
  custom:audio-decoder-ogg-vorbis: bf7c407c2cedff20999df2af8eb42d56 -> 
  custom:audio-encoder-webm-vorbis: bf7c407c2cedff20999df2af8eb42d56 -> 
========================================================================
Received Import Request.
  Time since last request: 96.826081 seconds.
  path: Assets/ImageTracking/Canada.jpg
  artifactKey: Guid(995a3978697b81445a8ee15948d18f1a) Importer(815301076,1909f56bfc062723c751e8b465ee728b)
Start importing Assets/ImageTracking/Canada.jpg using Guid(995a3978697b81445a8ee15948d18f1a) Importer(815301076,1909f56bfc062723c751e8b465ee728b)  -> (artifact id: '42ce426088dfcc62746a34df597badb8') in 0.013661 seconds 
  Import took 0.016105 seconds .

========================================================================
Received Import Request.
  Time since last request: 33.710306 seconds.
  path: Assets/ImageTracking/ReferenceImageLibrary.asset
  artifactKey: Guid(e46d7d9f8f3475142ba9f71ed59e3933) Importer(815301076,1909f56bfc062723c751e8b465ee728b)
Start importing Assets/ImageTracking/ReferenceImageLibrary.asset using Guid(e46d7d9f8f3475142ba9f71ed59e3933) Importer(815301076,1909f56bfc062723c751e8b465ee728b)  -> (artifact id: 'ac4610003115ff395c218b855460f0da') in 0.004449 seconds 
  Import took 0.006895 seconds .

========================================================================
Received Prepare
Refreshing native plugins compatible for Editor in 2.53 ms, found 2 plugins.
Preloading 0 native plugins for Editor in 0.00 ms.
Unloading 11 Unused Serialized files (Serialized files now loaded: 0)
System memory in use before: 45.5 MB.
System memory in use after: 45.6 MB.

Unloading 11 unused Assets to reduce memory usage. Loaded Objects now: 2206.
Total: 2.775800 ms (FindLiveObjects: 0.168400 ms CreateObjectMapping: 0.061300 ms MarkObjects: 2.537300 ms  DeleteObjects: 0.008200 ms)

AssetImportParameters requested are different than current active one (requested -> active):
  custom:framework-win-MediaFoundation: 216162199b28c13a410421893ffa2e32 -> 
  custom:video-decoder-ogg-theora: a1e56fd34408186e4bbccfd4996cb3dc -> 
  custom:container-muxer-webm: aa71ff27fc2769a1b78a27578f13a17b -> 
  custom:container-demuxer-webm: 4f35f7cbe854078d1ac9338744f61a02 -> 
  custom:container-demuxer-ogg: 62fdf1f143b41e24485cea50d1cbac27 -> 
  custom:video-encoder-webm-vp8: eb34c28f22e8b96e1ab97ce403110664 -> 
  custom:video-decoder-webm-vp8: 9c59270c3fd7afecdb556c50c9e8de78 -> 
  custom:audio-decoder-ogg-vorbis: bf7c407c2cedff20999df2af8eb42d56 -> 
  custom:audio-encoder-webm-vorbis: bf7c407c2cedff20999df2af8eb42d56 -> 
========================================================================
Received Import Request.
  Time since last request: 78.376274 seconds.
  path: Assets/ImageTracking/Usa.jpg
  artifactKey: Guid(c358965039dfc6447900b5226b4256a7) Importer(815301076,1909f56bfc062723c751e8b465ee728b)
Start importing Assets/ImageTracking/Usa.jpg using Guid(c358965039dfc6447900b5226b4256a7) Importer(815301076,1909f56bfc062723c751e8b465ee728b)  -> (artifact id: '4d6d387f0bbe3d86634b2225ae28dd45') in 0.020443 seconds 
  Import took 0.022803 seconds .

========================================================================
Received Import Request.
  Time since last request: 67.612000 seconds.
  path: Assets/ImageTracking/Australia.jpg
  artifactKey: Guid(0cd15347610c8cc408270c0d6d419f9a) Importer(815301076,1909f56bfc062723c751e8b465ee728b)
Start importing Assets/ImageTracking/Australia.jpg using Guid(0cd15347610c8cc408270c0d6d419f9a) Importer(815301076,1909f56bfc062723c751e8b465ee728b)  -> (artifact id: 'f9992a0d597d1cb808d9a028fd6f5df2') in 0.015714 seconds 
  Import took 0.018293 seconds .

========================================================================
Received Import Request.
  Time since last request: 0.002534 seconds.
  path: Assets/ImageTracking/Australia.jpg
  artifactKey: Guid(0cd15347610c8cc408270c0d6d419f9a) Importer(815301076,1909f56bfc062723c751e8b465ee728b)
Start importing Assets/ImageTracking/Australia.jpg using Guid(0cd15347610c8cc408270c0d6d419f9a) Importer(815301076,1909f56bfc062723c751e8b465ee728b)  -> (artifact id: 'f9992a0d597d1cb808d9a028fd6f5df2') in 0.009300 seconds 
  Import took 0.011666 seconds .

========================================================================
Received Import Request.
  Time since last request: 7.361303 seconds.
  path: Assets/ImageTracking/ReferenceImageLibrary.asset
  artifactKey: Guid(e46d7d9f8f3475142ba9f71ed59e3933) Importer(815301076,1909f56bfc062723c751e8b465ee728b)
Start importing Assets/ImageTracking/ReferenceImageLibrary.asset using Guid(e46d7d9f8f3475142ba9f71ed59e3933) Importer(815301076,1909f56bfc062723c751e8b465ee728b)  -> (artifact id: 'd7a75bfb2f0e6295ee091348ad77a7b3') in 0.005436 seconds 
  Import took 0.008958 seconds .

========================================================================
Received Prepare
Refreshing native plugins compatible for Editor in 2.45 ms, found 2 plugins.
Preloading 0 native plugins for Editor in 0.00 ms.
Unloading 11 Unused Serialized files (Serialized files now loaded: 0)
System memory in use before: 45.5 MB.
System memory in use after: 45.6 MB.

Unloading 11 unused Assets to reduce memory usage. Loaded Objects now: 2206.
Total: 2.797300 ms (FindLiveObjects: 0.161600 ms CreateObjectMapping: 0.046200 ms MarkObjects: 2.579800 ms  DeleteObjects: 0.009100 ms)

AssetImportParameters requested are different than current active one (requested -> active):
  custom:framework-win-MediaFoundation: 216162199b28c13a410421893ffa2e32 -> 
  custom:video-decoder-ogg-theora: a1e56fd34408186e4bbccfd4996cb3dc -> 
  custom:container-muxer-webm: aa71ff27fc2769a1b78a27578f13a17b -> 
  custom:container-demuxer-webm: 4f35f7cbe854078d1ac9338744f61a02 -> 
  custom:container-demuxer-ogg: 62fdf1f143b41e24485cea50d1cbac27 -> 
  custom:video-encoder-webm-vp8: eb34c28f22e8b96e1ab97ce403110664 -> 
  custom:video-decoder-webm-vp8: 9c59270c3fd7afecdb556c50c9e8de78 -> 
  custom:audio-decoder-ogg-vorbis: bf7c407c2cedff20999df2af8eb42d56 -> 
  custom:audio-encoder-webm-vorbis: bf7c407c2cedff20999df2af8eb42d56 -> 
========================================================================
Received Import Request.
  Time since last request: 59.901187 seconds.
  path: Assets/ImageTracking/Uk.jpg
  artifactKey: Guid(245d418102d565d44b8cecf8c2f99495) Importer(815301076,1909f56bfc062723c751e8b465ee728b)
Start importing Assets/ImageTracking/Uk.jpg using Guid(245d418102d565d44b8cecf8c2f99495) Importer(815301076,1909f56bfc062723c751e8b465ee728b)  -> (artifact id: 'f9f73b9363d859184bc5a25d5e7ad442') in 0.010424 seconds 
  Import took 0.013083 seconds .

========================================================================
Received Import Request.
  Time since last request: 0.009097 seconds.
  path: Assets/ImageTracking/Uk.jpg
  artifactKey: Guid(245d418102d565d44b8cecf8c2f99495) Importer(815301076,1909f56bfc062723c751e8b465ee728b)
Start importing Assets/ImageTracking/Uk.jpg using Guid(245d418102d565d44b8cecf8c2f99495) Importer(815301076,1909f56bfc062723c751e8b465ee728b)  -> (artifact id: 'f9f73b9363d859184bc5a25d5e7ad442') in 0.009881 seconds 
  Import took 0.012301 seconds .

========================================================================
Received Import Request.
  Time since last request: 14.023452 seconds.
  path: Assets/ImageTracking/ReferenceImageLibrary.asset
  artifactKey: Guid(e46d7d9f8f3475142ba9f71ed59e3933) Importer(815301076,1909f56bfc062723c751e8b465ee728b)
Start importing Assets/ImageTracking/ReferenceImageLibrary.asset using Guid(e46d7d9f8f3475142ba9f71ed59e3933) Importer(815301076,1909f56bfc062723c751e8b465ee728b)  -> (artifact id: '9a71f736998e65d4d1aaddb0085a32dd') in 0.004929 seconds 
  Import took 0.007389 seconds .

========================================================================
Received Import Request.
  Time since last request: 43.376189 seconds.
  path: Assets/ImageTracking/ReferenceImageLibrary.asset
  artifactKey: Guid(e46d7d9f8f3475142ba9f71ed59e3933) Importer(815301076,1909f56bfc062723c751e8b465ee728b)
Start importing Assets/ImageTracking/ReferenceImageLibrary.asset using Guid(e46d7d9f8f3475142ba9f71ed59e3933) Importer(815301076,1909f56bfc062723c751e8b465ee728b)  -> (artifact id: '9ea55d11e3cdd2a896a79859235d8469') in 0.004245 seconds 
  Import took 0.061870 seconds .

========================================================================
Received Prepare
Refreshing native plugins compatible for Editor in 2.58 ms, found 2 plugins.
Preloading 0 native plugins for Editor in 0.00 ms.
Unloading 11 Unused Serialized files (Serialized files now loaded: 0)
System memory in use before: 45.5 MB.
System memory in use after: 45.7 MB.

Unloading 11 unused Assets to reduce memory usage. Loaded Objects now: 2207.
Total: 2.479700 ms (FindLiveObjects: 0.143200 ms CreateObjectMapping: 0.049100 ms MarkObjects: 2.276200 ms  DeleteObjects: 0.010500 ms)

AssetImportParameters requested are different than current active one (requested -> active):
  custom:framework-win-MediaFoundation: 216162199b28c13a410421893ffa2e32 -> 
  custom:video-decoder-ogg-theora: a1e56fd34408186e4bbccfd4996cb3dc -> 
  custom:container-muxer-webm: aa71ff27fc2769a1b78a27578f13a17b -> 
  custom:container-demuxer-webm: 4f35f7cbe854078d1ac9338744f61a02 -> 
  custom:container-demuxer-ogg: 62fdf1f143b41e24485cea50d1cbac27 -> 
  custom:video-encoder-webm-vp8: eb34c28f22e8b96e1ab97ce403110664 -> 
  custom:video-decoder-webm-vp8: 9c59270c3fd7afecdb556c50c9e8de78 -> 
  custom:audio-decoder-ogg-vorbis: bf7c407c2cedff20999df2af8eb42d56 -> 
  custom:audio-encoder-webm-vorbis: bf7c407c2cedff20999df2af8eb42d56 -> 
========================================================================
Received Prepare
Refreshing native plugins compatible for Editor in 2.46 ms, found 2 plugins.
Preloading 0 native plugins for Editor in 0.00 ms.
Unloading 11 Unused Serialized files (Serialized files now loaded: 0)
System memory in use before: 45.5 MB.
System memory in use after: 45.7 MB.

Unloading 11 unused Assets to reduce memory usage. Loaded Objects now: 2207.
Total: 2.701100 ms (FindLiveObjects: 0.144900 ms CreateObjectMapping: 0.046900 ms MarkObjects: 2.499100 ms  DeleteObjects: 0.009300 ms)

AssetImportParameters requested are different than current active one (requested -> active):
  custom:framework-win-MediaFoundation: 216162199b28c13a410421893ffa2e32 -> 
  custom:video-decoder-ogg-theora: a1e56fd34408186e4bbccfd4996cb3dc -> 
  custom:container-muxer-webm: aa71ff27fc2769a1b78a27578f13a17b -> 
  custom:container-demuxer-webm: 4f35f7cbe854078d1ac9338744f61a02 -> 
  custom:container-demuxer-ogg: 62fdf1f143b41e24485cea50d1cbac27 -> 
  custom:video-encoder-webm-vp8: eb34c28f22e8b96e1ab97ce403110664 -> 
  custom:video-decoder-webm-vp8: 9c59270c3fd7afecdb556c50c9e8de78 -> 
  custom:audio-decoder-ogg-vorbis: bf7c407c2cedff20999df2af8eb42d56 -> 
  custom:audio-encoder-webm-vorbis: bf7c407c2cedff20999df2af8eb42d56 -> 
========================================================================
Received Import Request.
  Time since last request: 1154.238192 seconds.
  path: Assets/Resources/Materials/PlaneMaterial.mat
  artifactKey: Guid(a2a8b5350ca55b745ac859d7b2fffc45) Importer(815301076,1909f56bfc062723c751e8b465ee728b)
Start importing Assets/Resources/Materials/PlaneMaterial.mat using Guid(a2a8b5350ca55b745ac859d7b2fffc45) Importer(815301076,1909f56bfc062723c751e8b465ee728b)  -> (artifact id: '59a149ba71a29b95698b22dcb6794d4c') in 0.047980 seconds 
  Import took 0.050746 seconds .

========================================================================
Received Import Request.
  Time since last request: 35.327374 seconds.
  path: Assets/Resources/Materials/PlaneMaterial.mat
  artifactKey: Guid(a2a8b5350ca55b745ac859d7b2fffc45) Importer(815301076,1909f56bfc062723c751e8b465ee728b)
Start importing Assets/Resources/Materials/PlaneMaterial.mat using Guid(a2a8b5350ca55b745ac859d7b2fffc45) Importer(815301076,1909f56bfc062723c751e8b465ee728b)  -> (artifact id: '96a28f623659f12cdafa1a6919be8787') in 0.013143 seconds 
  Import took 0.015482 seconds .

========================================================================
Received Prepare
Refreshing native plugins compatible for Editor in 2.52 ms, found 2 plugins.
Preloading 0 native plugins for Editor in 0.00 ms.
Unloading 11 Unused Serialized files (Serialized files now loaded: 0)
System memory in use before: 45.8 MB.
System memory in use after: 45.9 MB.

Unloading 11 unused Assets to reduce memory usage. Loaded Objects now: 2240.
Total: 2.762600 ms (FindLiveObjects: 0.144200 ms CreateObjectMapping: 0.048800 ms MarkObjects: 2.560400 ms  DeleteObjects: 0.008700 ms)

AssetImportParameters requested are different than current active one (requested -> active):
  custom:framework-win-MediaFoundation: 216162199b28c13a410421893ffa2e32 -> 
  custom:video-decoder-ogg-theora: a1e56fd34408186e4bbccfd4996cb3dc -> 
  custom:container-muxer-webm: aa71ff27fc2769a1b78a27578f13a17b -> 
  custom:container-demuxer-webm: 4f35f7cbe854078d1ac9338744f61a02 -> 
  custom:container-demuxer-ogg: 62fdf1f143b41e24485cea50d1cbac27 -> 
  custom:video-encoder-webm-vp8: eb34c28f22e8b96e1ab97ce403110664 -> 
  custom:video-decoder-webm-vp8: 9c59270c3fd7afecdb556c50c9e8de78 -> 
  custom:audio-decoder-ogg-vorbis: bf7c407c2cedff20999df2af8eb42d56 -> 
  custom:audio-encoder-webm-vorbis: bf7c407c2cedff20999df2af8eb42d56 -> 
========================================================================
Received Import Request.
  Time since last request: 385.738006 seconds.
  path: Assets/Resources/Materials/PlaneMaterial.mat
  artifactKey: Guid(a2a8b5350ca55b745ac859d7b2fffc45) Importer(815301076,1909f56bfc062723c751e8b465ee728b)
Start importing Assets/Resources/Materials/PlaneMaterial.mat using Guid(a2a8b5350ca55b745ac859d7b2fffc45) Importer(815301076,1909f56bfc062723c751e8b465ee728b)  -> (artifact id: '3a9e0b8bcf95204219b281ac2ce19c5e') in 0.014856 seconds 
  Import took 0.017248 seconds .

========================================================================
Received Prepare
Refreshing native plugins compatible for Editor in 2.50 ms, found 2 plugins.
Preloading 0 native plugins for Editor in 0.00 ms.
Unloading 11 Unused Serialized files (Serialized files now loaded: 0)
System memory in use before: 45.8 MB.
System memory in use after: 45.9 MB.

Unloading 11 unused Assets to reduce memory usage. Loaded Objects now: 2240.
Total: 2.756700 ms (FindLiveObjects: 0.153800 ms CreateObjectMapping: 0.049500 ms MarkObjects: 2.544000 ms  DeleteObjects: 0.008800 ms)

AssetImportParameters requested are different than current active one (requested -> active):
  custom:framework-win-MediaFoundation: 216162199b28c13a410421893ffa2e32 -> 
  custom:video-decoder-ogg-theora: a1e56fd34408186e4bbccfd4996cb3dc -> 
  custom:container-muxer-webm: aa71ff27fc2769a1b78a27578f13a17b -> 
  custom:container-demuxer-webm: 4f35f7cbe854078d1ac9338744f61a02 -> 
  custom:container-demuxer-ogg: 62fdf1f143b41e24485cea50d1cbac27 -> 
  custom:video-encoder-webm-vp8: eb34c28f22e8b96e1ab97ce403110664 -> 
  custom:video-decoder-webm-vp8: 9c59270c3fd7afecdb556c50c9e8de78 -> 
  custom:audio-decoder-ogg-vorbis: bf7c407c2cedff20999df2af8eb42d56 -> 
  custom:audio-encoder-webm-vorbis: bf7c407c2cedff20999df2af8eb42d56 -> 
========================================================================
Received Import Request.
  Time since last request: 353.949197 seconds.
  path: Assets/Resources/Materials/PlaneMaterial.mat
  artifactKey: Guid(a2a8b5350ca55b745ac859d7b2fffc45) Importer(815301076,1909f56bfc062723c751e8b465ee728b)
Start importing Assets/Resources/Materials/PlaneMaterial.mat using Guid(a2a8b5350ca55b745ac859d7b2fffc45) Importer(815301076,1909f56bfc062723c751e8b465ee728b)  -> (artifact id: '9dcb17773b441fb2d7fa7cc1ebb4d05c') in 0.012863 seconds 
  Import took 0.015390 seconds .

========================================================================
Received Prepare
Refreshing native plugins compatible for Editor in 2.70 ms, found 2 plugins.
Preloading 0 native plugins for Editor in 0.00 ms.
Unloading 11 Unused Serialized files (Serialized files now loaded: 0)
System memory in use before: 46.0 MB.
System memory in use after: 46.1 MB.

Unloading 11 unused Assets to reduce memory usage. Loaded Objects now: 2242.
Total: 3.071500 ms (FindLiveObjects: 0.185500 ms CreateObjectMapping: 0.058100 ms MarkObjects: 2.817400 ms  DeleteObjects: 0.009800 ms)

AssetImportParameters requested are different than current active one (requested -> active):
  custom:framework-win-MediaFoundation: 216162199b28c13a410421893ffa2e32 -> 
  custom:video-decoder-ogg-theora: a1e56fd34408186e4bbccfd4996cb3dc -> 
  custom:container-muxer-webm: aa71ff27fc2769a1b78a27578f13a17b -> 
  custom:container-demuxer-webm: 4f35f7cbe854078d1ac9338744f61a02 -> 
  custom:container-demuxer-ogg: 62fdf1f143b41e24485cea50d1cbac27 -> 
  custom:video-encoder-webm-vp8: eb34c28f22e8b96e1ab97ce403110664 -> 
  custom:video-decoder-webm-vp8: 9c59270c3fd7afecdb556c50c9e8de78 -> 
  custom:audio-decoder-ogg-vorbis: bf7c407c2cedff20999df2af8eb42d56 -> 
  custom:audio-encoder-webm-vorbis: bf7c407c2cedff20999df2af8eb42d56 -> 
========================================================================
Received Prepare
Registering precompiled user dll's ...
Registered in 0.003069 seconds.
Begin MonoManager ReloadAssembly
Native extension for WindowsStandalone target not found
Native extension for WebGL target not found
Refreshing native plugins compatible for Editor in 0.34 ms, found 2 plugins.
Preloading 0 native plugins for Editor in 0.00 ms.
Mono: successfully reloaded assembly
- Completed reload, in  0.841 seconds
Domain Reload Profiling:
	ReloadAssembly (841ms)
		BeginReloadAssembly (94ms)
			ExecutionOrderSort (0ms)
			DisableScriptedObjects (3ms)
			BackupInstance (0ms)
			ReleaseScriptingObjects (0ms)
			CreateAndSetChildDomain (29ms)
		EndReloadAssembly (698ms)
			LoadAssemblies (72ms)
			RebuildTransferFunctionScriptingTraits (0ms)
			SetupTypeCache (206ms)
			ReleaseScriptCaches (1ms)
			RebuildScriptCaches (28ms)
			SetupLoadedEditorAssemblies (282ms)
				LogAssemblyErrors (0ms)
				InitializePlatformSupportModulesInManaged (4ms)
				SetLoadedEditorAssemblies (0ms)
				RefreshPlugins (0ms)
				BeforeProcessingInitializeOnLoad (60ms)
				ProcessInitializeOnLoadAttributes (208ms)
				ProcessInitializeOnLoadMethodAttributes (2ms)
				AfterProcessingInitializeOnLoad (6ms)
				EditorAssembliesLoaded (0ms)
			ExecutionOrderSort2 (0ms)
			AwakeInstancesAfterBackupRestoration (5ms)
Platform modules already initialized, skipping
Switching build target platform(19) subTarget(0) extendedPlatform(0) -> platform(13) subTarget(524288) extendedPlatform(0)
Refreshing native plugins compatible for Editor in 0.30 ms, found 2 plugins.
Preloading 0 native plugins for Editor in 0.00 ms.
Unloading 1740 Unused Serialized files (Serialized files now loaded: 0)
System memory in use before: 79.8 MB.
System memory in use after: 79.9 MB.

Unloading 14 unused Assets to reduce memory usage. Loaded Objects now: 2246.
Total: 2.288200 ms (FindLiveObjects: 0.134500 ms CreateObjectMapping: 0.047200 ms MarkObjects: 2.093900 ms  DeleteObjects: 0.011700 ms)

AssetImportParameters requested are different than current active one (requested -> active):
  custom:framework-win-MediaFoundation: 216162199b28c13a410421893ffa2e32 -> 
  custom:video-decoder-ogg-theora: a1e56fd34408186e4bbccfd4996cb3dc -> 
  custom:container-muxer-webm: aa71ff27fc2769a1b78a27578f13a17b -> 
  custom:container-demuxer-webm: 4f35f7cbe854078d1ac9338744f61a02 -> 
  custom:container-demuxer-ogg: 62fdf1f143b41e24485cea50d1cbac27 -> 
  custom:video-encoder-webm-vp8: eb34c28f22e8b96e1ab97ce403110664 -> 
  custom:video-decoder-webm-vp8: 9c59270c3fd7afecdb556c50c9e8de78 -> 
  custom:graphics/normal-map-encoding: 01000000000000000000000000000000 -> 02000000000000000000000000000000
  custom:audio-decoder-ogg-vorbis: bf7c407c2cedff20999df2af8eb42d56 -> 
  custom:audio-encoder-webm-vorbis: bf7c407c2cedff20999df2af8eb42d56 -> 
========================================================================
Received Prepare
Registering precompiled user dll's ...
Registered in 0.003198 seconds.
Begin MonoManager ReloadAssembly
Native extension for WindowsStandalone target not found
Native extension for WebGL target not found
Refreshing native plugins compatible for Editor in 0.33 ms, found 2 plugins.
Preloading 0 native plugins for Editor in 0.00 ms.
Mono: successfully reloaded assembly
- Completed reload, in  0.842 seconds
Domain Reload Profiling:
	ReloadAssembly (842ms)
		BeginReloadAssembly (88ms)
			ExecutionOrderSort (0ms)
			DisableScriptedObjects (4ms)
			BackupInstance (0ms)
			ReleaseScriptingObjects (0ms)
			CreateAndSetChildDomain (25ms)
		EndReloadAssembly (704ms)
			LoadAssemblies (72ms)
			RebuildTransferFunctionScriptingTraits (0ms)
			SetupTypeCache (208ms)
			ReleaseScriptCaches (1ms)
			RebuildScriptCaches (31ms)
			SetupLoadedEditorAssemblies (279ms)
				LogAssemblyErrors (0ms)
				InitializePlatformSupportModulesInManaged (4ms)
				SetLoadedEditorAssemblies (0ms)
				RefreshPlugins (0ms)
				BeforeProcessingInitializeOnLoad (63ms)
				ProcessInitializeOnLoadAttributes (203ms)
				ProcessInitializeOnLoadMethodAttributes (2ms)
				AfterProcessingInitializeOnLoad (6ms)
				EditorAssembliesLoaded (0ms)
			ExecutionOrderSort2 (0ms)
			AwakeInstancesAfterBackupRestoration (5ms)
Platform modules already initialized, skipping
Switching build target platform(19) subTarget(0) extendedPlatform(0) -> platform(13) subTarget(524288) extendedPlatform(0)
Refreshing native plugins compatible for Editor in 0.35 ms, found 2 plugins.
Preloading 0 native plugins for Editor in 0.00 ms.
Unloading 1740 Unused Serialized files (Serialized files now loaded: 0)
System memory in use before: 79.8 MB.
System memory in use after: 79.9 MB.

Unloading 14 unused Assets to reduce memory usage. Loaded Objects now: 2249.
Total: 2.294400 ms (FindLiveObjects: 0.162600 ms CreateObjectMapping: 0.051500 ms MarkObjects: 2.068200 ms  DeleteObjects: 0.011300 ms)

AssetImportParameters requested are different than current active one (requested -> active):
  custom:framework-win-MediaFoundation: 216162199b28c13a410421893ffa2e32 -> 
  custom:video-decoder-ogg-theora: a1e56fd34408186e4bbccfd4996cb3dc -> 
  custom:container-muxer-webm: aa71ff27fc2769a1b78a27578f13a17b -> 
  custom:container-demuxer-webm: 4f35f7cbe854078d1ac9338744f61a02 -> 
  custom:container-demuxer-ogg: 62fdf1f143b41e24485cea50d1cbac27 -> 
  custom:video-encoder-webm-vp8: eb34c28f22e8b96e1ab97ce403110664 -> 
  custom:video-decoder-webm-vp8: 9c59270c3fd7afecdb556c50c9e8de78 -> 
  custom:graphics/normal-map-encoding: 01000000000000000000000000000000 -> 02000000000000000000000000000000
  custom:audio-decoder-ogg-vorbis: bf7c407c2cedff20999df2af8eb42d56 -> 
  custom:audio-encoder-webm-vorbis: bf7c407c2cedff20999df2af8eb42d56 -> 
========================================================================
Received Prepare
Registering precompiled user dll's ...
Registered in 0.002956 seconds.
Begin MonoManager ReloadAssembly
Native extension for WindowsStandalone target not found
Native extension for WebGL target not found
Refreshing native plugins compatible for Editor in 0.33 ms, found 2 plugins.
Preloading 0 native plugins for Editor in 0.00 ms.
Mono: successfully reloaded assembly
- Completed reload, in  0.836 seconds
Domain Reload Profiling:
	ReloadAssembly (836ms)
		BeginReloadAssembly (92ms)
			ExecutionOrderSort (0ms)
			DisableScriptedObjects (3ms)
			BackupInstance (0ms)
			ReleaseScriptingObjects (0ms)
			CreateAndSetChildDomain (24ms)
		EndReloadAssembly (696ms)
			LoadAssemblies (73ms)
			RebuildTransferFunctionScriptingTraits (0ms)
			SetupTypeCache (202ms)
			ReleaseScriptCaches (1ms)
			RebuildScriptCaches (27ms)
			SetupLoadedEditorAssemblies (278ms)
				LogAssemblyErrors (0ms)
				InitializePlatformSupportModulesInManaged (4ms)
				SetLoadedEditorAssemblies (0ms)
				RefreshPlugins (0ms)
				BeforeProcessingInitializeOnLoad (59ms)
				ProcessInitializeOnLoadAttributes (205ms)
				ProcessInitializeOnLoadMethodAttributes (3ms)
				AfterProcessingInitializeOnLoad (6ms)
				EditorAssembliesLoaded (0ms)
			ExecutionOrderSort2 (0ms)
			AwakeInstancesAfterBackupRestoration (5ms)
Platform modules already initialized, skipping
Switching build target platform(19) subTarget(0) extendedPlatform(0) -> platform(13) subTarget(524288) extendedPlatform(0)
Refreshing native plugins compatible for Editor in 0.34 ms, found 2 plugins.
Preloading 0 native plugins for Editor in 0.00 ms.
Unloading 1740 Unused Serialized files (Serialized files now loaded: 0)
System memory in use before: 79.8 MB.
System memory in use after: 79.9 MB.

Unloading 15 unused Assets to reduce memory usage. Loaded Objects now: 2251.
Total: 2.651200 ms (FindLiveObjects: 0.190200 ms CreateObjectMapping: 0.051800 ms MarkObjects: 2.383200 ms  DeleteObjects: 0.025400 ms)

AssetImportParameters requested are different than current active one (requested -> active):
  custom:framework-win-MediaFoundation: 216162199b28c13a410421893ffa2e32 -> 
  custom:video-decoder-ogg-theora: a1e56fd34408186e4bbccfd4996cb3dc -> 
  custom:container-muxer-webm: aa71ff27fc2769a1b78a27578f13a17b -> 
  custom:container-demuxer-webm: 4f35f7cbe854078d1ac9338744f61a02 -> 
  custom:container-demuxer-ogg: 62fdf1f143b41e24485cea50d1cbac27 -> 
  custom:video-encoder-webm-vp8: eb34c28f22e8b96e1ab97ce403110664 -> 
  custom:video-decoder-webm-vp8: 9c59270c3fd7afecdb556c50c9e8de78 -> 
  custom:graphics/normal-map-encoding: 01000000000000000000000000000000 -> 02000000000000000000000000000000
  custom:audio-decoder-ogg-vorbis: bf7c407c2cedff20999df2af8eb42d56 -> 
  custom:audio-encoder-webm-vorbis: bf7c407c2cedff20999df2af8eb42d56 -> 
========================================================================
Received Prepare
Refreshing native plugins compatible for Editor in 2.50 ms, found 2 plugins.
Preloading 0 native plugins for Editor in 0.00 ms.
Unloading 12 Unused Serialized files (Serialized files now loaded: 0)
System memory in use before: 45.7 MB.
System memory in use after: 45.8 MB.

Unloading 11 unused Assets to reduce memory usage. Loaded Objects now: 2252.
Total: 2.509900 ms (FindLiveObjects: 0.157400 ms CreateObjectMapping: 0.045800 ms MarkObjects: 2.297700 ms  DeleteObjects: 0.008500 ms)

AssetImportParameters requested are different than current active one (requested -> active):
  custom:framework-win-MediaFoundation: 216162199b28c13a410421893ffa2e32 -> 
  custom:video-decoder-ogg-theora: a1e56fd34408186e4bbccfd4996cb3dc -> 
  custom:container-muxer-webm: aa71ff27fc2769a1b78a27578f13a17b -> 
  custom:container-demuxer-webm: 4f35f7cbe854078d1ac9338744f61a02 -> 
  custom:container-demuxer-ogg: 62fdf1f143b41e24485cea50d1cbac27 -> 
  custom:video-encoder-webm-vp8: eb34c28f22e8b96e1ab97ce403110664 -> 
  custom:video-decoder-webm-vp8: 9c59270c3fd7afecdb556c50c9e8de78 -> 
  custom:audio-decoder-ogg-vorbis: bf7c407c2cedff20999df2af8eb42d56 -> 
  custom:audio-encoder-webm-vorbis: bf7c407c2cedff20999df2af8eb42d56 -> 
========================================================================
Received Import Request.
  Time since last request: 1783.316641 seconds.
  path: Assets/Scripts/ImageTracking.cs
  artifactKey: Guid(536a37a5d5799d545b18e59f655b4357) Importer(815301076,1909f56bfc062723c751e8b465ee728b)
Start importing Assets/Scripts/ImageTracking.cs using Guid(536a37a5d5799d545b18e59f655b4357) Importer(815301076,1909f56bfc062723c751e8b465ee728b)  -> (artifact id: '38e65c90db6541b46ab82021aa5b05e8') in 0.005677 seconds 
  Import took 0.007998 seconds .

========================================================================
Received Import Request.
  Time since last request: 0.017153 seconds.
  path: Assets/Scripts/ImageTracking.cs
  artifactKey: Guid(536a37a5d5799d545b18e59f655b4357) Importer(815301076,1909f56bfc062723c751e8b465ee728b)
Start importing Assets/Scripts/ImageTracking.cs using Guid(536a37a5d5799d545b18e59f655b4357) Importer(815301076,1909f56bfc062723c751e8b465ee728b)  -> (artifact id: '38e65c90db6541b46ab82021aa5b05e8') in 0.001986 seconds 
  Import took 0.004132 seconds .

========================================================================
Received Import Request.
  Time since last request: 246.752100 seconds.
  path: Assets/Scripts/ImageTracking.cs
  artifactKey: Guid(536a37a5d5799d545b18e59f655b4357) Importer(815301076,1909f56bfc062723c751e8b465ee728b)
Start importing Assets/Scripts/ImageTracking.cs using Guid(536a37a5d5799d545b18e59f655b4357) Importer(815301076,1909f56bfc062723c751e8b465ee728b)  -> (artifact id: 'f47abac09d17e3a5732d2601a1aaa73b') in 0.002050 seconds 
  Import took 0.004580 seconds .

========================================================================
Received Import Request.
  Time since last request: 11.593769 seconds.
  path: Assets/Scripts/ImageTracking.cs
  artifactKey: Guid(536a37a5d5799d545b18e59f655b4357) Importer(815301076,1909f56bfc062723c751e8b465ee728b)
Start importing Assets/Scripts/ImageTracking.cs using Guid(536a37a5d5799d545b18e59f655b4357) Importer(815301076,1909f56bfc062723c751e8b465ee728b)  -> (artifact id: '9e5121a3fb39a3252d9ccc3618fb843a') in 0.001849 seconds 
  Import took 0.004112 seconds .

========================================================================
Received Import Request.
  Time since last request: 209.647874 seconds.
  path: Assets/Scripts/ImageTracking.cs
  artifactKey: Guid(536a37a5d5799d545b18e59f655b4357) Importer(815301076,1909f56bfc062723c751e8b465ee728b)
Start importing Assets/Scripts/ImageTracking.cs using Guid(536a37a5d5799d545b18e59f655b4357) Importer(815301076,1909f56bfc062723c751e8b465ee728b)  -> (artifact id: '6578b1b068032ffd0b62bd91ce8dadab') in 0.001915 seconds 
  Import took 0.004318 seconds .

========================================================================
Received Prepare
Registering precompiled user dll's ...
Registered in 0.003165 seconds.
Begin MonoManager ReloadAssembly
Native extension for WindowsStandalone target not found
Native extension for WebGL target not found
Refreshing native plugins compatible for Editor in 0.34 ms, found 2 plugins.
Preloading 0 native plugins for Editor in 0.00 ms.
Mono: successfully reloaded assembly
- Completed reload, in  0.850 seconds
Domain Reload Profiling:
	ReloadAssembly (850ms)
		BeginReloadAssembly (97ms)
			ExecutionOrderSort (0ms)
			DisableScriptedObjects (3ms)
			BackupInstance (0ms)
			ReleaseScriptingObjects (0ms)
			CreateAndSetChildDomain (24ms)
		EndReloadAssembly (705ms)
			LoadAssemblies (74ms)
			RebuildTransferFunctionScriptingTraits (0ms)
			SetupTypeCache (198ms)
			ReleaseScriptCaches (1ms)
			RebuildScriptCaches (28ms)
			SetupLoadedEditorAssemblies (282ms)
				LogAssemblyErrors (0ms)
				InitializePlatformSupportModulesInManaged (4ms)
				SetLoadedEditorAssemblies (0ms)
				RefreshPlugins (0ms)
				BeforeProcessingInitializeOnLoad (60ms)
				ProcessInitializeOnLoadAttributes (209ms)
				ProcessInitializeOnLoadMethodAttributes (3ms)
				AfterProcessingInitializeOnLoad (6ms)
				EditorAssembliesLoaded (0ms)
			ExecutionOrderSort2 (0ms)
			AwakeInstancesAfterBackupRestoration (5ms)
Platform modules already initialized, skipping
Switching build target platform(19) subTarget(0) extendedPlatform(0) -> platform(13) subTarget(524288) extendedPlatform(0)
Refreshing native plugins compatible for Editor in 0.33 ms, found 2 plugins.
Preloading 0 native plugins for Editor in 0.00 ms.
Unloading 1740 Unused Serialized files (Serialized files now loaded: 0)
System memory in use before: 79.8 MB.
System memory in use after: 79.9 MB.

Unloading 14 unused Assets to reduce memory usage. Loaded Objects now: 2255.
Total: 2.203900 ms (FindLiveObjects: 0.146400 ms CreateObjectMapping: 0.047800 ms MarkObjects: 1.995500 ms  DeleteObjects: 0.013300 ms)

AssetImportParameters requested are different than current active one (requested -> active):
  custom:framework-win-MediaFoundation: 216162199b28c13a410421893ffa2e32 -> 
  custom:video-decoder-ogg-theora: a1e56fd34408186e4bbccfd4996cb3dc -> 
  custom:container-muxer-webm: aa71ff27fc2769a1b78a27578f13a17b -> 
  custom:container-demuxer-webm: 4f35f7cbe854078d1ac9338744f61a02 -> 
  custom:container-demuxer-ogg: 62fdf1f143b41e24485cea50d1cbac27 -> 
  custom:video-encoder-webm-vp8: eb34c28f22e8b96e1ab97ce403110664 -> 
  custom:video-decoder-webm-vp8: 9c59270c3fd7afecdb556c50c9e8de78 -> 
  custom:graphics/normal-map-encoding: 01000000000000000000000000000000 -> 02000000000000000000000000000000
  custom:audio-decoder-ogg-vorbis: bf7c407c2cedff20999df2af8eb42d56 -> 
  custom:audio-encoder-webm-vorbis: bf7c407c2cedff20999df2af8eb42d56 -> 
========================================================================
Received Prepare
Refreshing native plugins compatible for Editor in 2.56 ms, found 2 plugins.
Preloading 0 native plugins for Editor in 0.00 ms.
Unloading 11 Unused Serialized files (Serialized files now loaded: 0)
System memory in use before: 45.4 MB.
System memory in use after: 45.5 MB.

Unloading 11 unused Assets to reduce memory usage. Loaded Objects now: 2255.
Total: 2.330800 ms (FindLiveObjects: 0.140700 ms CreateObjectMapping: 0.048600 ms MarkObjects: 2.132700 ms  DeleteObjects: 0.008200 ms)

AssetImportParameters requested are different than current active one (requested -> active):
  custom:framework-win-MediaFoundation: 216162199b28c13a410421893ffa2e32 -> 
  custom:video-decoder-ogg-theora: a1e56fd34408186e4bbccfd4996cb3dc -> 
  custom:container-muxer-webm: aa71ff27fc2769a1b78a27578f13a17b -> 
  custom:container-demuxer-webm: 4f35f7cbe854078d1ac9338744f61a02 -> 
  custom:container-demuxer-ogg: 62fdf1f143b41e24485cea50d1cbac27 -> 
  custom:video-encoder-webm-vp8: eb34c28f22e8b96e1ab97ce403110664 -> 
  custom:video-decoder-webm-vp8: 9c59270c3fd7afecdb556c50c9e8de78 -> 
  custom:audio-decoder-ogg-vorbis: bf7c407c2cedff20999df2af8eb42d56 -> 
  custom:audio-encoder-webm-vorbis: bf7c407c2cedff20999df2af8eb42d56 -> 
AssetImportWorkerClient::OnTransportError - code=2 error=End of file
